<?xml version="1.0" encoding="UTF-8"?>
<!-- Generated by org.testng.reporters.JUnitXMLReporter -->
<testsuite ignored="0" hostname="Abhishek" failures="0" tests="12" name="Default test" time="488.136" errors="0" timestamp="06 Jul 2024 08:48:26 GMT">
  <testcase classname="com.test.app.Search" name="AQ_TC001_Verify_Ask_a_Question_page_GUI_elements" time="35.262"/>
  <testcase classname="com.test.app.Search" name="AQ_TC002_Create_new_case" time="48.724"/>
  <testcase classname="com.test.app.Search" name="AQ_TC003_Verify_error_message_when_First_name_field_is_empty" time="35.905"/>
  <testcase classname="com.test.app.Search" name="AQ_TC004_Verify_error_message_when_Last_name_field_is_empty" time="35.805"/>
  <testcase classname="com.test.app.Search" name="AQ_TC005_Verify_error_message_when_Email_field_is_empty" time="35.962"/>
  <testcase classname="com.test.app.Search" name="AQ_TC006_Verify_error_message_when_Subject_field_is_empty" time="36.005"/>
  <testcase classname="com.test.app.Search" name="AQ_TC007_Verify_error_message_when_Question_field_is_empty" time="36.32"/>
  <testcase classname="com.test.app.Search" name="AQ_TC008_Verify_error_message_when_Account_dropdown_is_empty" time="36.729"/>
  <testcase classname="com.test.app.Search" name="AQ_TC09_Verify_error_message_when_Firstname_is_specialCharacter" time="42.97"/>
  <testcase classname="com.test.app.Search" name="AQ_TC010_Verify_error_message_when_Lastname_is_specialCharacter" time="42.735"/>
  <testcase classname="com.test.app.Search" name="AQ_TC011_Verify_error_message_when_EmailID_is_invalid" time="42.865"/>
  <testcase classname="com.test.app.Search" name="AQ_TC012_Verify_error_message_when_empty_file_is_attached_for_case_creation" time="45.151"/>
</testsuite> <!-- Default test -->
