<?xml version="1.0" encoding="UTF-8"?>
<testng-results ignored="0" total="12" passed="12" failed="0" skipped="0">
  <reporter-output>
  </reporter-output>
  <suite started-at="2024-07-06T10:26:26Z" name="Suite" finished-at="2024-07-06T10:34:32Z" duration-ms="485837">
    <groups>
    </groups>
    <test started-at="2024-07-06T10:26:26Z" name="Test" finished-at="2024-07-06T10:34:32Z" duration-ms="485837">
      <class name="com.test.app.Search">
        <test-method is-config="true" signature="testSignIn()[pri:0, instance:com.test.app.Search@62d0ac62]" started-at="2024-07-06T10:26:26Z" name="testSignIn" finished-at="2024-07-06T10:26:36Z" duration-ms="9093" status="PASS">
          <reporter-output>
          </reporter-output>
        </test-method> <!-- testSignIn -->
        <test-method signature="AQ_TC001_Verify_Ask_a_Question_page_GUI_elements()[pri:1, instance:com.test.app.Search@62d0ac62]" started-at="2024-07-06T10:26:36Z" name="AQ_TC001_Verify_Ask_a_Question_page_GUI_elements" description="Verify Ask question page GUI elements" finished-at="2024-07-06T10:27:10Z" duration-ms="34797" status="PASS">
          <reporter-output>
          </reporter-output>
        </test-method> <!-- AQ_TC001_Verify_Ask_a_Question_page_GUI_elements -->
        <test-method signature="AQ_TC002_Create_new_case()[pri:2, instance:com.test.app.Search@62d0ac62]" started-at="2024-07-06T10:27:10Z" name="AQ_TC002_Create_new_case" description="Verify Create new case functionality" finished-at="2024-07-06T10:27:59Z" duration-ms="48551" status="PASS">
          <reporter-output>
          </reporter-output>
        </test-method> <!-- AQ_TC002_Create_new_case -->
        <test-method signature="AQ_TC003_Verify_error_message_when_First_name_field_is_empty()[pri:3, instance:com.test.app.Search@62d0ac62]" started-at="2024-07-06T10:27:59Z" name="AQ_TC003_Verify_error_message_when_First_name_field_is_empty" description="Verify error message when First name field is empty" finished-at="2024-07-06T10:28:35Z" duration-ms="36432" status="PASS">
          <reporter-output>
          </reporter-output>
        </test-method> <!-- AQ_TC003_Verify_error_message_when_First_name_field_is_empty -->
        <test-method signature="AQ_TC004_Verify_error_message_when_Last_name_field_is_empty()[pri:4, instance:com.test.app.Search@62d0ac62]" started-at="2024-07-06T10:28:35Z" name="AQ_TC004_Verify_error_message_when_Last_name_field_is_empty" description="Verify error message when Last name field is empty" finished-at="2024-07-06T10:29:12Z" duration-ms="36450" status="PASS">
          <reporter-output>
          </reporter-output>
        </test-method> <!-- AQ_TC004_Verify_error_message_when_Last_name_field_is_empty -->
        <test-method signature="AQ_TC005_Verify_error_message_when_Email_field_is_empty()[pri:5, instance:com.test.app.Search@62d0ac62]" started-at="2024-07-06T10:29:12Z" name="AQ_TC005_Verify_error_message_when_Email_field_is_empty" description="Verify error message when Email field is empty" finished-at="2024-07-06T10:29:48Z" duration-ms="36447" status="PASS">
          <reporter-output>
          </reporter-output>
        </test-method> <!-- AQ_TC005_Verify_error_message_when_Email_field_is_empty -->
        <test-method signature="AQ_TC006_Verify_error_message_when_Subject_field_is_empty()[pri:6, instance:com.test.app.Search@62d0ac62]" started-at="2024-07-06T10:29:48Z" name="AQ_TC006_Verify_error_message_when_Subject_field_is_empty" description="Verify error message when Subject field is empty" finished-at="2024-07-06T10:30:25Z" duration-ms="36625" status="PASS">
          <reporter-output>
          </reporter-output>
        </test-method> <!-- AQ_TC006_Verify_error_message_when_Subject_field_is_empty -->
        <test-method signature="AQ_TC007_Verify_error_message_when_Question_field_is_empty()[pri:7, instance:com.test.app.Search@62d0ac62]" started-at="2024-07-06T10:30:25Z" name="AQ_TC007_Verify_error_message_when_Question_field_is_empty" description="Verify error message when Question field is empty" finished-at="2024-07-06T10:31:01Z" duration-ms="36550" status="PASS">
          <reporter-output>
          </reporter-output>
        </test-method> <!-- AQ_TC007_Verify_error_message_when_Question_field_is_empty -->
        <test-method signature="AQ_TC008_Verify_error_message_when_Account_dropdown_is_empty()[pri:8, instance:com.test.app.Search@62d0ac62]" started-at="2024-07-06T10:31:01Z" name="AQ_TC008_Verify_error_message_when_Account_dropdown_is_empty" description="Verify error message when Account dropdown is empty" finished-at="2024-07-06T10:31:38Z" duration-ms="37042" status="PASS">
          <reporter-output>
          </reporter-output>
        </test-method> <!-- AQ_TC008_Verify_error_message_when_Account_dropdown_is_empty -->
        <test-method signature="AQ_TC09_Verify_error_message_when_Firstname_is_specialCharacter()[pri:9, instance:com.test.app.Search@62d0ac62]" started-at="2024-07-06T10:31:38Z" name="AQ_TC09_Verify_error_message_when_Firstname_is_specialCharacter" description="Verify error message when Firstname contains special character or numbers" finished-at="2024-07-06T10:32:21Z" duration-ms="42835" status="PASS">
          <reporter-output>
          </reporter-output>
        </test-method> <!-- AQ_TC09_Verify_error_message_when_Firstname_is_specialCharacter -->
        <test-method signature="AQ_TC010_Verify_error_message_when_Lastname_is_specialCharacter()[pri:10, instance:com.test.app.Search@62d0ac62]" started-at="2024-07-06T10:32:21Z" name="AQ_TC010_Verify_error_message_when_Lastname_is_specialCharacter" description="Verify error message when Last name contains special character or number" finished-at="2024-07-06T10:33:04Z" duration-ms="42848" status="PASS">
          <reporter-output>
          </reporter-output>
        </test-method> <!-- AQ_TC010_Verify_error_message_when_Lastname_is_specialCharacter -->
        <test-method signature="AQ_TC011_Verify_error_message_when_EmailID_is_invalid()[pri:11, instance:com.test.app.Search@62d0ac62]" started-at="2024-07-06T10:33:04Z" name="AQ_TC011_Verify_error_message_when_EmailID_is_invalid" description="Verify error message when EmailID is invalid" finished-at="2024-07-06T10:33:47Z" duration-ms="42771" status="PASS">
          <reporter-output>
          </reporter-output>
        </test-method> <!-- AQ_TC011_Verify_error_message_when_EmailID_is_invalid -->
        <test-method signature="AQ_TC012_Verify_error_message_when_empty_file_is_attached_for_case_creation()[pri:12, instance:com.test.app.Search@62d0ac62]" started-at="2024-07-06T10:33:47Z" name="AQ_TC012_Verify_error_message_when_empty_file_is_attached_for_case_creation" description="Verify error message when empty file is attached" finished-at="2024-07-06T10:34:32Z" duration-ms="45029" status="PASS">
          <reporter-output>
          </reporter-output>
        </test-method> <!-- AQ_TC012_Verify_error_message_when_empty_file_is_attached_for_case_creation -->
        <test-method is-config="true" signature="teardown()[pri:0, instance:com.test.app.Search@62d0ac62]" started-at="2024-07-06T10:34:32Z" name="teardown" finished-at="2024-07-06T10:34:32Z" duration-ms="124" status="PASS">
          <reporter-output>
          </reporter-output>
        </test-method> <!-- teardown -->
      </class> <!-- com.test.app.Search -->
    </test> <!-- Test -->
  </suite> <!-- Suite -->
</testng-results>
